# Logfile created on 2014-03-25 14:28:58 +0000 by logger.rb/44203
I, [2014-03-25T14:28:58.551287 #561]  INFO -- : 0:  addressable (2.3.6) from /Users/ma061/.rvm/gems/ruby-2.1.0/specifications/addressable-2.3.6.gemspec
I, [2014-03-25T14:28:58.551739 #561]  INFO -- : 0:  bcrypt (3.1.7) from /Users/ma061/.rvm/gems/ruby-2.1.0/specifications/bcrypt-3.1.7.gemspec
I, [2014-03-25T14:28:58.552159 #561]  INFO -- : 0:  bcrypt-ruby (3.1.5) from /Users/ma061/.rvm/gems/ruby-2.1.0/specifications/bcrypt-ruby-3.1.5.gemspec
I, [2014-03-25T14:28:58.552529 #561]  INFO -- : 0:  dm-core (1.2.1) from /Users/ma061/.rvm/gems/ruby-2.1.0/specifications/dm-core-1.2.1.gemspec
I, [2014-03-25T14:28:58.552895 #561]  INFO -- : 0:  dm-aggregates (1.2.0) from /Users/ma061/.rvm/gems/ruby-2.1.0/specifications/dm-aggregates-1.2.0.gemspec
I, [2014-03-25T14:28:58.553211 #561]  INFO -- : 0:  dm-constraints (1.2.0) from /Users/ma061/.rvm/gems/ruby-2.1.0/specifications/dm-constraints-1.2.0.gemspec
I, [2014-03-25T14:28:58.553580 #561]  INFO -- : 0:  dm-migrations (1.2.0) from /Users/ma061/.rvm/gems/ruby-2.1.0/specifications/dm-migrations-1.2.0.gemspec
I, [2014-03-25T14:28:58.553940 #561]  INFO -- : 0:  fastercsv (1.5.5) from /Users/ma061/.rvm/gems/ruby-2.1.0/specifications/fastercsv-1.5.5.gemspec
I, [2014-03-25T14:28:58.554296 #561]  INFO -- : 0:  json (1.8.1) from /Users/ma061/.rvm/rubies/ruby-2.1.0/lib/ruby/gems/2.1.0/specifications/default/json-1.8.1.gemspec
I, [2014-03-25T14:28:58.554660 #561]  INFO -- : 0:  json_pure (1.8.1) from /Users/ma061/.rvm/gems/ruby-2.1.0/specifications/json_pure-1.8.1.gemspec
I, [2014-03-25T14:28:58.555030 #561]  INFO -- : 0:  multi_json (1.9.2) from /Users/ma061/.rvm/gems/ruby-2.1.0/specifications/multi_json-1.9.2.gemspec
I, [2014-03-25T14:28:58.555404 #561]  INFO -- : 0:  dm-serializer (1.2.2) from /Users/ma061/.rvm/gems/ruby-2.1.0/specifications/dm-serializer-1.2.2.gemspec
I, [2014-03-25T14:28:58.555774 #561]  INFO -- : 0:  dm-timestamps (1.2.0) from /Users/ma061/.rvm/gems/ruby-2.1.0/specifications/dm-timestamps-1.2.0.gemspec
I, [2014-03-25T14:28:58.556158 #561]  INFO -- : 0:  dm-transactions (1.2.0) from /Users/ma061/.rvm/gems/ruby-2.1.0/specifications/dm-transactions-1.2.0.gemspec
I, [2014-03-25T14:28:58.556540 #561]  INFO -- : 0:  stringex (1.5.1) from /Users/ma061/.rvm/gems/ruby-2.1.0/specifications/stringex-1.5.1.gemspec
I, [2014-03-25T14:28:58.556927 #561]  INFO -- : 0:  uuidtools (2.1.4) from /Users/ma061/.rvm/gems/ruby-2.1.0/specifications/uuidtools-2.1.4.gemspec
I, [2014-03-25T14:28:58.557443 #561]  INFO -- : 0:  dm-types (1.2.2) from /Users/ma061/.rvm/gems/ruby-2.1.0/specifications/dm-types-1.2.2.gemspec
I, [2014-03-25T14:28:58.557821 #561]  INFO -- : 0:  dm-validations (1.2.0) from /Users/ma061/.rvm/gems/ruby-2.1.0/specifications/dm-validations-1.2.0.gemspec
I, [2014-03-25T14:28:58.558169 #561]  INFO -- : 0:  data_mapper (1.2.0) from /Users/ma061/.rvm/gems/ruby-2.1.0/specifications/data_mapper-1.2.0.gemspec
I, [2014-03-25T14:28:58.558502 #561]  INFO -- : 0:  data_objects (0.10.14) from /Users/ma061/.rvm/gems/ruby-2.1.0/specifications/data_objects-0.10.14.gemspec
I, [2014-03-25T14:28:58.558821 #561]  INFO -- : 0:  dm-do-adapter (1.2.0) from /Users/ma061/.rvm/gems/ruby-2.1.0/specifications/dm-do-adapter-1.2.0.gemspec
I, [2014-03-25T14:28:58.559169 #561]  INFO -- : 0:  do_postgres (0.10.14) from /Users/ma061/.rvm/gems/ruby-2.1.0/specifications/do_postgres-0.10.14.gemspec
I, [2014-03-25T14:28:58.559492 #561]  INFO -- : 0:  dm-postgres-adapter (1.2.0) from /Users/ma061/.rvm/gems/ruby-2.1.0/specifications/dm-postgres-adapter-1.2.0.gemspec
I, [2014-03-25T14:28:58.559787 #561]  INFO -- : 0:  bundler (1.5.1) from /Users/ma061/.rvm/gems/ruby-2.1.0@global/specifications/bundler-1.5.1.gemspec
I, [2014-03-25T14:31:06.279835 #589]  INFO -- : 0:  addressable (2.3.6) from /Users/ma061/.rvm/gems/ruby-2.1.0/specifications/addressable-2.3.6.gemspec
I, [2014-03-25T14:31:06.280226 #589]  INFO -- : 0:  bcrypt (3.1.7) from /Users/ma061/.rvm/gems/ruby-2.1.0/specifications/bcrypt-3.1.7.gemspec
I, [2014-03-25T14:31:06.280515 #589]  INFO -- : 0:  bcrypt-ruby (3.1.5) from /Users/ma061/.rvm/gems/ruby-2.1.0/specifications/bcrypt-ruby-3.1.5.gemspec
I, [2014-03-25T14:31:06.280820 #589]  INFO -- : 0:  mime-types (2.2) from /Users/ma061/.rvm/gems/ruby-2.1.0/specifications/mime-types-2.2.gemspec
I, [2014-03-25T14:31:06.281089 #589]  INFO -- : 0:  mini_portile (0.5.2) from /Users/ma061/.rvm/gems/ruby-2.1.0/specifications/mini_portile-0.5.2.gemspec
I, [2014-03-25T14:31:06.281357 #589]  INFO -- : 0:  nokogiri (1.6.1) from /Users/ma061/.rvm/gems/ruby-2.1.0/specifications/nokogiri-1.6.1.gemspec
I, [2014-03-25T14:31:06.281614 #589]  INFO -- : 0:  rack (1.5.2) from /Users/ma061/.rvm/gems/ruby-2.1.0/specifications/rack-1.5.2.gemspec
I, [2014-03-25T14:31:06.281882 #589]  INFO -- : 0:  rack-test (0.6.2) from /Users/ma061/.rvm/gems/ruby-2.1.0/specifications/rack-test-0.6.2.gemspec
I, [2014-03-25T14:31:06.282144 #589]  INFO -- : 0:  xpath (2.0.0) from /Users/ma061/.rvm/gems/ruby-2.1.0/specifications/xpath-2.0.0.gemspec
I, [2014-03-25T14:31:06.282403 #589]  INFO -- : 0:  capybara (2.2.1) from /Users/ma061/.rvm/gems/ruby-2.1.0/specifications/capybara-2.2.1.gemspec
I, [2014-03-25T14:31:06.282672 #589]  INFO -- : 0:  dm-core (1.2.1) from /Users/ma061/.rvm/gems/ruby-2.1.0/specifications/dm-core-1.2.1.gemspec
I, [2014-03-25T14:31:06.282940 #589]  INFO -- : 0:  dm-aggregates (1.2.0) from /Users/ma061/.rvm/gems/ruby-2.1.0/specifications/dm-aggregates-1.2.0.gemspec
I, [2014-03-25T14:31:06.283207 #589]  INFO -- : 0:  dm-constraints (1.2.0) from /Users/ma061/.rvm/gems/ruby-2.1.0/specifications/dm-constraints-1.2.0.gemspec
I, [2014-03-25T14:31:06.283473 #589]  INFO -- : 0:  dm-migrations (1.2.0) from /Users/ma061/.rvm/gems/ruby-2.1.0/specifications/dm-migrations-1.2.0.gemspec
I, [2014-03-25T14:31:06.283748 #589]  INFO -- : 0:  fastercsv (1.5.5) from /Users/ma061/.rvm/gems/ruby-2.1.0/specifications/fastercsv-1.5.5.gemspec
I, [2014-03-25T14:31:06.284006 #589]  INFO -- : 0:  json (1.8.1) from /Users/ma061/.rvm/rubies/ruby-2.1.0/lib/ruby/gems/2.1.0/specifications/default/json-1.8.1.gemspec
I, [2014-03-25T14:31:06.284283 #589]  INFO -- : 0:  json_pure (1.8.1) from /Users/ma061/.rvm/gems/ruby-2.1.0/specifications/json_pure-1.8.1.gemspec
I, [2014-03-25T14:31:06.284555 #589]  INFO -- : 0:  multi_json (1.9.2) from /Users/ma061/.rvm/gems/ruby-2.1.0/specifications/multi_json-1.9.2.gemspec
I, [2014-03-25T14:31:06.284832 #589]  INFO -- : 0:  dm-serializer (1.2.2) from /Users/ma061/.rvm/gems/ruby-2.1.0/specifications/dm-serializer-1.2.2.gemspec
I, [2014-03-25T14:31:06.285108 #589]  INFO -- : 0:  dm-timestamps (1.2.0) from /Users/ma061/.rvm/gems/ruby-2.1.0/specifications/dm-timestamps-1.2.0.gemspec
I, [2014-03-25T14:31:06.285478 #589]  INFO -- : 0:  dm-transactions (1.2.0) from /Users/ma061/.rvm/gems/ruby-2.1.0/specifications/dm-transactions-1.2.0.gemspec
I, [2014-03-25T14:31:06.286002 #589]  INFO -- : 0:  stringex (1.5.1) from /Users/ma061/.rvm/gems/ruby-2.1.0/specifications/stringex-1.5.1.gemspec
I, [2014-03-25T14:31:06.286365 #589]  INFO -- : 0:  uuidtools (2.1.4) from /Users/ma061/.rvm/gems/ruby-2.1.0/specifications/uuidtools-2.1.4.gemspec
I, [2014-03-25T14:31:06.286775 #589]  INFO -- : 0:  dm-types (1.2.2) from /Users/ma061/.rvm/gems/ruby-2.1.0/specifications/dm-types-1.2.2.gemspec
I, [2014-03-25T14:31:06.287043 #589]  INFO -- : 0:  dm-validations (1.2.0) from /Users/ma061/.rvm/gems/ruby-2.1.0/specifications/dm-validations-1.2.0.gemspec
I, [2014-03-25T14:31:06.287356 #589]  INFO -- : 0:  data_mapper (1.2.0) from /Users/ma061/.rvm/gems/ruby-2.1.0/specifications/data_mapper-1.2.0.gemspec
I, [2014-03-25T14:31:06.287715 #589]  INFO -- : 0:  data_objects (0.10.14) from /Users/ma061/.rvm/gems/ruby-2.1.0/specifications/data_objects-0.10.14.gemspec
I, [2014-03-25T14:31:06.287994 #589]  INFO -- : 0:  database_cleaner (1.2.0) from /Users/ma061/.rvm/gems/ruby-2.1.0/specifications/database_cleaner-1.2.0.gemspec
I, [2014-03-25T14:31:06.288272 #589]  INFO -- : 0:  diff-lcs (1.2.5) from /Users/ma061/.rvm/gems/ruby-2.1.0/specifications/diff-lcs-1.2.5.gemspec
I, [2014-03-25T14:31:06.288528 #589]  INFO -- : 0:  dm-do-adapter (1.2.0) from /Users/ma061/.rvm/gems/ruby-2.1.0/specifications/dm-do-adapter-1.2.0.gemspec
I, [2014-03-25T14:31:06.288822 #589]  INFO -- : 0:  do_postgres (0.10.14) from /Users/ma061/.rvm/gems/ruby-2.1.0/specifications/do_postgres-0.10.14.gemspec
I, [2014-03-25T14:31:06.289128 #589]  INFO -- : 0:  dm-postgres-adapter (1.2.0) from /Users/ma061/.rvm/gems/ruby-2.1.0/specifications/dm-postgres-adapter-1.2.0.gemspec
I, [2014-03-25T14:31:06.289405 #589]  INFO -- : 0:  rack-protection (1.5.2) from /Users/ma061/.rvm/gems/ruby-2.1.0/specifications/rack-protection-1.5.2.gemspec
I, [2014-03-25T14:31:06.289668 #589]  INFO -- : 0:  rspec-core (2.14.8) from /Users/ma061/.rvm/gems/ruby-2.1.0/specifications/rspec-core-2.14.8.gemspec
I, [2014-03-25T14:31:06.289951 #589]  INFO -- : 0:  rspec-expectations (2.14.5) from /Users/ma061/.rvm/gems/ruby-2.1.0/specifications/rspec-expectations-2.14.5.gemspec
I, [2014-03-25T14:31:06.290335 #589]  INFO -- : 0:  rspec-mocks (2.14.6) from /Users/ma061/.rvm/gems/ruby-2.1.0/specifications/rspec-mocks-2.14.6.gemspec
I, [2014-03-25T14:31:06.290895 #589]  INFO -- : 0:  rspec (2.14.1) from /Users/ma061/.rvm/gems/ruby-2.1.0/specifications/rspec-2.14.1.gemspec
I, [2014-03-25T14:31:06.291516 #589]  INFO -- : 0:  tilt (1.4.1) from /Users/ma061/.rvm/gems/ruby-2.1.0/specifications/tilt-1.4.1.gemspec
I, [2014-03-25T14:31:06.292139 #589]  INFO -- : 0:  sinatra (1.4.4) from /Users/ma061/.rvm/gems/ruby-2.1.0/specifications/sinatra-1.4.4.gemspec
I, [2014-03-25T14:31:06.292722 #589]  INFO -- : 0:  bundler (1.5.1) from /Users/ma061/.rvm/gems/ruby-2.1.0@global/specifications/bundler-1.5.1.gemspec
I, [2014-03-25T14:31:10.965180 #591]  INFO -- : 0:  addressable (2.3.6) from /Users/ma061/.rvm/gems/ruby-2.1.0/specifications/addressable-2.3.6.gemspec
I, [2014-03-25T14:31:10.965561 #591]  INFO -- : 0:  bcrypt (3.1.7) from /Users/ma061/.rvm/gems/ruby-2.1.0/specifications/bcrypt-3.1.7.gemspec
I, [2014-03-25T14:31:10.965830 #591]  INFO -- : 0:  bcrypt-ruby (3.1.5) from /Users/ma061/.rvm/gems/ruby-2.1.0/specifications/bcrypt-ruby-3.1.5.gemspec
I, [2014-03-25T14:31:10.966119 #591]  INFO -- : 0:  mime-types (2.2) from /Users/ma061/.rvm/gems/ruby-2.1.0/specifications/mime-types-2.2.gemspec
I, [2014-03-25T14:31:10.966387 #591]  INFO -- : 0:  mini_portile (0.5.2) from /Users/ma061/.rvm/gems/ruby-2.1.0/specifications/mini_portile-0.5.2.gemspec
I, [2014-03-25T14:31:10.966643 #591]  INFO -- : 0:  nokogiri (1.6.1) from /Users/ma061/.rvm/gems/ruby-2.1.0/specifications/nokogiri-1.6.1.gemspec
I, [2014-03-25T14:31:10.966895 #591]  INFO -- : 0:  rack (1.5.2) from /Users/ma061/.rvm/gems/ruby-2.1.0/specifications/rack-1.5.2.gemspec
I, [2014-03-25T14:31:10.967134 #591]  INFO -- : 0:  rack-test (0.6.2) from /Users/ma061/.rvm/gems/ruby-2.1.0/specifications/rack-test-0.6.2.gemspec
I, [2014-03-25T14:31:10.967394 #591]  INFO -- : 0:  xpath (2.0.0) from /Users/ma061/.rvm/gems/ruby-2.1.0/specifications/xpath-2.0.0.gemspec
I, [2014-03-25T14:31:10.967649 #591]  INFO -- : 0:  capybara (2.2.1) from /Users/ma061/.rvm/gems/ruby-2.1.0/specifications/capybara-2.2.1.gemspec
I, [2014-03-25T14:31:10.967897 #591]  INFO -- : 0:  dm-core (1.2.1) from /Users/ma061/.rvm/gems/ruby-2.1.0/specifications/dm-core-1.2.1.gemspec
I, [2014-03-25T14:31:10.968147 #591]  INFO -- : 0:  dm-aggregates (1.2.0) from /Users/ma061/.rvm/gems/ruby-2.1.0/specifications/dm-aggregates-1.2.0.gemspec
I, [2014-03-25T14:31:10.968408 #591]  INFO -- : 0:  dm-constraints (1.2.0) from /Users/ma061/.rvm/gems/ruby-2.1.0/specifications/dm-constraints-1.2.0.gemspec
I, [2014-03-25T14:31:10.968668 #591]  INFO -- : 0:  dm-migrations (1.2.0) from /Users/ma061/.rvm/gems/ruby-2.1.0/specifications/dm-migrations-1.2.0.gemspec
I, [2014-03-25T14:31:10.968916 #591]  INFO -- : 0:  fastercsv (1.5.5) from /Users/ma061/.rvm/gems/ruby-2.1.0/specifications/fastercsv-1.5.5.gemspec
I, [2014-03-25T14:31:10.969164 #591]  INFO -- : 0:  json (1.8.1) from /Users/ma061/.rvm/rubies/ruby-2.1.0/lib/ruby/gems/2.1.0/specifications/default/json-1.8.1.gemspec
I, [2014-03-25T14:31:10.969420 #591]  INFO -- : 0:  json_pure (1.8.1) from /Users/ma061/.rvm/gems/ruby-2.1.0/specifications/json_pure-1.8.1.gemspec
I, [2014-03-25T14:31:10.969705 #591]  INFO -- : 0:  multi_json (1.9.2) from /Users/ma061/.rvm/gems/ruby-2.1.0/specifications/multi_json-1.9.2.gemspec
I, [2014-03-25T14:31:10.969962 #591]  INFO -- : 0:  dm-serializer (1.2.2) from /Users/ma061/.rvm/gems/ruby-2.1.0/specifications/dm-serializer-1.2.2.gemspec
I, [2014-03-25T14:31:10.970217 #591]  INFO -- : 0:  dm-timestamps (1.2.0) from /Users/ma061/.rvm/gems/ruby-2.1.0/specifications/dm-timestamps-1.2.0.gemspec
I, [2014-03-25T14:31:10.970471 #591]  INFO -- : 0:  dm-transactions (1.2.0) from /Users/ma061/.rvm/gems/ruby-2.1.0/specifications/dm-transactions-1.2.0.gemspec
I, [2014-03-25T14:31:10.970734 #591]  INFO -- : 0:  stringex (1.5.1) from /Users/ma061/.rvm/gems/ruby-2.1.0/specifications/stringex-1.5.1.gemspec
I, [2014-03-25T14:31:10.970984 #591]  INFO -- : 0:  uuidtools (2.1.4) from /Users/ma061/.rvm/gems/ruby-2.1.0/specifications/uuidtools-2.1.4.gemspec
I, [2014-03-25T14:31:10.971233 #591]  INFO -- : 0:  dm-types (1.2.2) from /Users/ma061/.rvm/gems/ruby-2.1.0/specifications/dm-types-1.2.2.gemspec
I, [2014-03-25T14:31:10.971484 #591]  INFO -- : 0:  dm-validations (1.2.0) from /Users/ma061/.rvm/gems/ruby-2.1.0/specifications/dm-validations-1.2.0.gemspec
I, [2014-03-25T14:31:10.971725 #591]  INFO -- : 0:  data_mapper (1.2.0) from /Users/ma061/.rvm/gems/ruby-2.1.0/specifications/data_mapper-1.2.0.gemspec
I, [2014-03-25T14:31:10.971986 #591]  INFO -- : 0:  data_objects (0.10.14) from /Users/ma061/.rvm/gems/ruby-2.1.0/specifications/data_objects-0.10.14.gemspec
I, [2014-03-25T14:31:10.972245 #591]  INFO -- : 0:  database_cleaner (1.2.0) from /Users/ma061/.rvm/gems/ruby-2.1.0/specifications/database_cleaner-1.2.0.gemspec
I, [2014-03-25T14:31:10.972494 #591]  INFO -- : 0:  diff-lcs (1.2.5) from /Users/ma061/.rvm/gems/ruby-2.1.0/specifications/diff-lcs-1.2.5.gemspec
I, [2014-03-25T14:31:10.972747 #591]  INFO -- : 0:  dm-do-adapter (1.2.0) from /Users/ma061/.rvm/gems/ruby-2.1.0/specifications/dm-do-adapter-1.2.0.gemspec
I, [2014-03-25T14:31:10.973000 #591]  INFO -- : 0:  do_postgres (0.10.14) from /Users/ma061/.rvm/gems/ruby-2.1.0/specifications/do_postgres-0.10.14.gemspec
I, [2014-03-25T14:31:10.973260 #591]  INFO -- : 0:  dm-postgres-adapter (1.2.0) from /Users/ma061/.rvm/gems/ruby-2.1.0/specifications/dm-postgres-adapter-1.2.0.gemspec
I, [2014-03-25T14:31:10.973512 #591]  INFO -- : 0:  rack-protection (1.5.2) from /Users/ma061/.rvm/gems/ruby-2.1.0/specifications/rack-protection-1.5.2.gemspec
I, [2014-03-25T14:31:10.973756 #591]  INFO -- : 0:  rspec-core (2.14.8) from /Users/ma061/.rvm/gems/ruby-2.1.0/specifications/rspec-core-2.14.8.gemspec
I, [2014-03-25T14:31:10.974009 #591]  INFO -- : 0:  rspec-expectations (2.14.5) from /Users/ma061/.rvm/gems/ruby-2.1.0/specifications/rspec-expectations-2.14.5.gemspec
I, [2014-03-25T14:31:10.974249 #591]  INFO -- : 0:  rspec-mocks (2.14.6) from /Users/ma061/.rvm/gems/ruby-2.1.0/specifications/rspec-mocks-2.14.6.gemspec
I, [2014-03-25T14:31:10.974481 #591]  INFO -- : 0:  rspec (2.14.1) from /Users/ma061/.rvm/gems/ruby-2.1.0/specifications/rspec-2.14.1.gemspec
I, [2014-03-25T14:31:10.974732 #591]  INFO -- : 0:  tilt (1.4.1) from /Users/ma061/.rvm/gems/ruby-2.1.0/specifications/tilt-1.4.1.gemspec
I, [2014-03-25T14:31:10.974966 #591]  INFO -- : 0:  sinatra (1.4.4) from /Users/ma061/.rvm/gems/ruby-2.1.0/specifications/sinatra-1.4.4.gemspec
I, [2014-03-25T14:31:10.975200 #591]  INFO -- : 0:  bundler (1.5.1) from /Users/ma061/.rvm/gems/ruby-2.1.0@global/specifications/bundler-1.5.1.gemspec
I, [2014-03-26T14:05:12.170702 #4306]  INFO -- : 0:  addressable (2.3.6) from /Users/ma061/.rvm/gems/ruby-2.1.0/specifications/addressable-2.3.6.gemspec
I, [2014-03-26T14:05:12.171149 #4306]  INFO -- : 0:  bcrypt (3.1.7) from /Users/ma061/.rvm/gems/ruby-2.1.0/specifications/bcrypt-3.1.7.gemspec
I, [2014-03-26T14:05:12.171468 #4306]  INFO -- : 0:  bcrypt-ruby (3.1.5) from /Users/ma061/.rvm/gems/ruby-2.1.0/specifications/bcrypt-ruby-3.1.5.gemspec
I, [2014-03-26T14:05:12.171810 #4306]  INFO -- : 0:  mime-types (2.2) from /Users/ma061/.rvm/gems/ruby-2.1.0/specifications/mime-types-2.2.gemspec
I, [2014-03-26T14:05:12.172110 #4306]  INFO -- : 0:  mini_portile (0.5.2) from /Users/ma061/.rvm/gems/ruby-2.1.0/specifications/mini_portile-0.5.2.gemspec
I, [2014-03-26T14:05:12.172400 #4306]  INFO -- : 0:  nokogiri (1.6.1) from /Users/ma061/.rvm/gems/ruby-2.1.0/specifications/nokogiri-1.6.1.gemspec
I, [2014-03-26T14:05:12.172695 #4306]  INFO -- : 0:  rack (1.5.2) from /Users/ma061/.rvm/gems/ruby-2.1.0/specifications/rack-1.5.2.gemspec
I, [2014-03-26T14:05:12.172989 #4306]  INFO -- : 0:  rack-test (0.6.2) from /Users/ma061/.rvm/gems/ruby-2.1.0/specifications/rack-test-0.6.2.gemspec
I, [2014-03-26T14:05:12.173258 #4306]  INFO -- : 0:  xpath (2.0.0) from /Users/ma061/.rvm/gems/ruby-2.1.0/specifications/xpath-2.0.0.gemspec
I, [2014-03-26T14:05:12.173515 #4306]  INFO -- : 0:  capybara (2.2.1) from /Users/ma061/.rvm/gems/ruby-2.1.0/specifications/capybara-2.2.1.gemspec
I, [2014-03-26T14:05:12.173790 #4306]  INFO -- : 0:  dm-core (1.2.1) from /Users/ma061/.rvm/gems/ruby-2.1.0/specifications/dm-core-1.2.1.gemspec
I, [2014-03-26T14:05:12.174084 #4306]  INFO -- : 0:  dm-aggregates (1.2.0) from /Users/ma061/.rvm/gems/ruby-2.1.0/specifications/dm-aggregates-1.2.0.gemspec
I, [2014-03-26T14:05:12.174357 #4306]  INFO -- : 0:  dm-constraints (1.2.0) from /Users/ma061/.rvm/gems/ruby-2.1.0/specifications/dm-constraints-1.2.0.gemspec
I, [2014-03-26T14:05:12.174633 #4306]  INFO -- : 0:  dm-migrations (1.2.0) from /Users/ma061/.rvm/gems/ruby-2.1.0/specifications/dm-migrations-1.2.0.gemspec
I, [2014-03-26T14:05:12.174895 #4306]  INFO -- : 0:  fastercsv (1.5.5) from /Users/ma061/.rvm/gems/ruby-2.1.0/specifications/fastercsv-1.5.5.gemspec
I, [2014-03-26T14:05:12.175311 #4306]  INFO -- : 0:  json (1.8.1) from /Users/ma061/.rvm/rubies/ruby-2.1.0/lib/ruby/gems/2.1.0/specifications/default/json-1.8.1.gemspec
I, [2014-03-26T14:05:12.175803 #4306]  INFO -- : 0:  json_pure (1.8.1) from /Users/ma061/.rvm/gems/ruby-2.1.0/specifications/json_pure-1.8.1.gemspec
I, [2014-03-26T14:05:12.176324 #4306]  INFO -- : 0:  multi_json (1.9.2) from /Users/ma061/.rvm/gems/ruby-2.1.0/specifications/multi_json-1.9.2.gemspec
I, [2014-03-26T14:05:12.176774 #4306]  INFO -- : 0:  dm-serializer (1.2.2) from /Users/ma061/.rvm/gems/ruby-2.1.0/specifications/dm-serializer-1.2.2.gemspec
I, [2014-03-26T14:05:12.178755 #4306]  INFO -- : 0:  dm-timestamps (1.2.0) from /Users/ma061/.rvm/gems/ruby-2.1.0/specifications/dm-timestamps-1.2.0.gemspec
I, [2014-03-26T14:05:12.179064 #4306]  INFO -- : 0:  dm-transactions (1.2.0) from /Users/ma061/.rvm/gems/ruby-2.1.0/specifications/dm-transactions-1.2.0.gemspec
I, [2014-03-26T14:05:12.179350 #4306]  INFO -- : 0:  stringex (1.5.1) from /Users/ma061/.rvm/gems/ruby-2.1.0/specifications/stringex-1.5.1.gemspec
I, [2014-03-26T14:05:12.179625 #4306]  INFO -- : 0:  uuidtools (2.1.4) from /Users/ma061/.rvm/gems/ruby-2.1.0/specifications/uuidtools-2.1.4.gemspec
I, [2014-03-26T14:05:12.179896 #4306]  INFO -- : 0:  dm-types (1.2.2) from /Users/ma061/.rvm/gems/ruby-2.1.0/specifications/dm-types-1.2.2.gemspec
I, [2014-03-26T14:05:12.180143 #4306]  INFO -- : 0:  dm-validations (1.2.0) from /Users/ma061/.rvm/gems/ruby-2.1.0/specifications/dm-validations-1.2.0.gemspec
I, [2014-03-26T14:05:12.180423 #4306]  INFO -- : 0:  data_mapper (1.2.0) from /Users/ma061/.rvm/gems/ruby-2.1.0/specifications/data_mapper-1.2.0.gemspec
I, [2014-03-26T14:05:12.180672 #4306]  INFO -- : 0:  data_objects (0.10.14) from /Users/ma061/.rvm/gems/ruby-2.1.0/specifications/data_objects-0.10.14.gemspec
I, [2014-03-26T14:05:12.180944 #4306]  INFO -- : 0:  database_cleaner (1.2.0) from /Users/ma061/.rvm/gems/ruby-2.1.0/specifications/database_cleaner-1.2.0.gemspec
I, [2014-03-26T14:05:12.181202 #4306]  INFO -- : 0:  diff-lcs (1.2.5) from /Users/ma061/.rvm/gems/ruby-2.1.0/specifications/diff-lcs-1.2.5.gemspec
I, [2014-03-26T14:05:12.181455 #4306]  INFO -- : 0:  dm-do-adapter (1.2.0) from /Users/ma061/.rvm/gems/ruby-2.1.0/specifications/dm-do-adapter-1.2.0.gemspec
I, [2014-03-26T14:05:12.181711 #4306]  INFO -- : 0:  do_postgres (0.10.14) from /Users/ma061/.rvm/gems/ruby-2.1.0/specifications/do_postgres-0.10.14.gemspec
I, [2014-03-26T14:05:12.181990 #4306]  INFO -- : 0:  dm-postgres-adapter (1.2.0) from /Users/ma061/.rvm/gems/ruby-2.1.0/specifications/dm-postgres-adapter-1.2.0.gemspec
I, [2014-03-26T14:05:12.182240 #4306]  INFO -- : 0:  rack-protection (1.5.2) from /Users/ma061/.rvm/gems/ruby-2.1.0/specifications/rack-protection-1.5.2.gemspec
I, [2014-03-26T14:05:12.182500 #4306]  INFO -- : 0:  rspec-core (2.14.8) from /Users/ma061/.rvm/gems/ruby-2.1.0/specifications/rspec-core-2.14.8.gemspec
I, [2014-03-26T14:05:12.182751 #4306]  INFO -- : 0:  rspec-expectations (2.14.5) from /Users/ma061/.rvm/gems/ruby-2.1.0/specifications/rspec-expectations-2.14.5.gemspec
I, [2014-03-26T14:05:12.183006 #4306]  INFO -- : 0:  rspec-mocks (2.14.6) from /Users/ma061/.rvm/gems/ruby-2.1.0/specifications/rspec-mocks-2.14.6.gemspec
I, [2014-03-26T14:05:12.183256 #4306]  INFO -- : 0:  rspec (2.14.1) from /Users/ma061/.rvm/gems/ruby-2.1.0/specifications/rspec-2.14.1.gemspec
I, [2014-03-26T14:05:12.183504 #4306]  INFO -- : 0:  tilt (1.4.1) from /Users/ma061/.rvm/gems/ruby-2.1.0/specifications/tilt-1.4.1.gemspec
I, [2014-03-26T14:05:12.183757 #4306]  INFO -- : 0:  sinatra (1.4.4) from /Users/ma061/.rvm/gems/ruby-2.1.0/specifications/sinatra-1.4.4.gemspec
I, [2014-03-26T14:05:12.183999 #4306]  INFO -- : 0:  bundler (1.5.1) from /Users/ma061/.rvm/gems/ruby-2.1.0@global/specifications/bundler-1.5.1.gemspec
I, [2014-03-26T15:53:22.723234 #5355]  INFO -- : 0:  addressable (2.3.6) from /Users/ma061/.rvm/gems/ruby-2.1.0/specifications/addressable-2.3.6.gemspec
I, [2014-03-26T15:53:22.723684 #5355]  INFO -- : 0:  bcrypt (3.1.7) from /Users/ma061/.rvm/gems/ruby-2.1.0/specifications/bcrypt-3.1.7.gemspec
I, [2014-03-26T15:53:22.723968 #5355]  INFO -- : 0:  bcrypt-ruby (3.1.5) from /Users/ma061/.rvm/gems/ruby-2.1.0/specifications/bcrypt-ruby-3.1.5.gemspec
I, [2014-03-26T15:53:22.724266 #5355]  INFO -- : 0:  mime-types (2.2) from /Users/ma061/.rvm/gems/ruby-2.1.0/specifications/mime-types-2.2.gemspec
I, [2014-03-26T15:53:22.724531 #5355]  INFO -- : 0:  mini_portile (0.5.2) from /Users/ma061/.rvm/gems/ruby-2.1.0/specifications/mini_portile-0.5.2.gemspec
I, [2014-03-26T15:53:22.724805 #5355]  INFO -- : 0:  nokogiri (1.6.1) from /Users/ma061/.rvm/gems/ruby-2.1.0/specifications/nokogiri-1.6.1.gemspec
I, [2014-03-26T15:53:22.725104 #5355]  INFO -- : 0:  rack (1.5.2) from /Users/ma061/.rvm/gems/ruby-2.1.0/specifications/rack-1.5.2.gemspec
I, [2014-03-26T15:53:22.725375 #5355]  INFO -- : 0:  rack-test (0.6.2) from /Users/ma061/.rvm/gems/ruby-2.1.0/specifications/rack-test-0.6.2.gemspec
I, [2014-03-26T15:53:22.725626 #5355]  INFO -- : 0:  xpath (2.0.0) from /Users/ma061/.rvm/gems/ruby-2.1.0/specifications/xpath-2.0.0.gemspec
I, [2014-03-26T15:53:22.725903 #5355]  INFO -- : 0:  capybara (2.2.1) from /Users/ma061/.rvm/gems/ruby-2.1.0/specifications/capybara-2.2.1.gemspec
I, [2014-03-26T15:53:22.726331 #5355]  INFO -- : 0:  dm-core (1.2.1) from /Users/ma061/.rvm/gems/ruby-2.1.0/specifications/dm-core-1.2.1.gemspec
I, [2014-03-26T15:53:22.726812 #5355]  INFO -- : 0:  dm-aggregates (1.2.0) from /Users/ma061/.rvm/gems/ruby-2.1.0/specifications/dm-aggregates-1.2.0.gemspec
I, [2014-03-26T15:53:22.729337 #5355]  INFO -- : 0:  dm-constraints (1.2.0) from /Users/ma061/.rvm/gems/ruby-2.1.0/specifications/dm-constraints-1.2.0.gemspec
I, [2014-03-26T15:53:22.729885 #5355]  INFO -- : 0:  dm-migrations (1.2.0) from /Users/ma061/.rvm/gems/ruby-2.1.0/specifications/dm-migrations-1.2.0.gemspec
I, [2014-03-26T15:53:22.730327 #5355]  INFO -- : 0:  fastercsv (1.5.5) from /Users/ma061/.rvm/gems/ruby-2.1.0/specifications/fastercsv-1.5.5.gemspec
I, [2014-03-26T15:53:22.730630 #5355]  INFO -- : 0:  json (1.8.1) from /Users/ma061/.rvm/rubies/ruby-2.1.0/lib/ruby/gems/2.1.0/specifications/default/json-1.8.1.gemspec
I, [2014-03-26T15:53:22.730962 #5355]  INFO -- : 0:  json_pure (1.8.1) from /Users/ma061/.rvm/gems/ruby-2.1.0/specifications/json_pure-1.8.1.gemspec
I, [2014-03-26T15:53:22.731310 #5355]  INFO -- : 0:  multi_json (1.9.2) from /Users/ma061/.rvm/gems/ruby-2.1.0/specifications/multi_json-1.9.2.gemspec
I, [2014-03-26T15:53:22.731696 #5355]  INFO -- : 0:  dm-serializer (1.2.2) from /Users/ma061/.rvm/gems/ruby-2.1.0/specifications/dm-serializer-1.2.2.gemspec
I, [2014-03-26T15:53:22.732005 #5355]  INFO -- : 0:  dm-timestamps (1.2.0) from /Users/ma061/.rvm/gems/ruby-2.1.0/specifications/dm-timestamps-1.2.0.gemspec
I, [2014-03-26T15:53:22.732375 #5355]  INFO -- : 0:  dm-transactions (1.2.0) from /Users/ma061/.rvm/gems/ruby-2.1.0/specifications/dm-transactions-1.2.0.gemspec
I, [2014-03-26T15:53:22.732707 #5355]  INFO -- : 0:  stringex (1.5.1) from /Users/ma061/.rvm/gems/ruby-2.1.0/specifications/stringex-1.5.1.gemspec
I, [2014-03-26T15:53:22.733000 #5355]  INFO -- : 0:  uuidtools (2.1.4) from /Users/ma061/.rvm/gems/ruby-2.1.0/specifications/uuidtools-2.1.4.gemspec
I, [2014-03-26T15:53:22.733281 #5355]  INFO -- : 0:  dm-types (1.2.2) from /Users/ma061/.rvm/gems/ruby-2.1.0/specifications/dm-types-1.2.2.gemspec
I, [2014-03-26T15:53:22.733583 #5355]  INFO -- : 0:  dm-validations (1.2.0) from /Users/ma061/.rvm/gems/ruby-2.1.0/specifications/dm-validations-1.2.0.gemspec
I, [2014-03-26T15:53:22.733890 #5355]  INFO -- : 0:  data_mapper (1.2.0) from /Users/ma061/.rvm/gems/ruby-2.1.0/specifications/data_mapper-1.2.0.gemspec
I, [2014-03-26T15:53:22.734183 #5355]  INFO -- : 0:  data_objects (0.10.14) from /Users/ma061/.rvm/gems/ruby-2.1.0/specifications/data_objects-0.10.14.gemspec
I, [2014-03-26T15:53:22.734472 #5355]  INFO -- : 0:  database_cleaner (1.2.0) from /Users/ma061/.rvm/gems/ruby-2.1.0/specifications/database_cleaner-1.2.0.gemspec
I, [2014-03-26T15:53:22.734758 #5355]  INFO -- : 0:  diff-lcs (1.2.5) from /Users/ma061/.rvm/gems/ruby-2.1.0/specifications/diff-lcs-1.2.5.gemspec
I, [2014-03-26T15:53:22.735084 #5355]  INFO -- : 0:  dm-do-adapter (1.2.0) from /Users/ma061/.rvm/gems/ruby-2.1.0/specifications/dm-do-adapter-1.2.0.gemspec
I, [2014-03-26T15:53:22.735393 #5355]  INFO -- : 0:  do_postgres (0.10.14) from /Users/ma061/.rvm/gems/ruby-2.1.0/specifications/do_postgres-0.10.14.gemspec
I, [2014-03-26T15:53:22.735827 #5355]  INFO -- : 0:  dm-postgres-adapter (1.2.0) from /Users/ma061/.rvm/gems/ruby-2.1.0/specifications/dm-postgres-adapter-1.2.0.gemspec
I, [2014-03-26T15:53:22.736257 #5355]  INFO -- : 0:  rack-flash3 (1.0.5) from /Users/ma061/.rvm/gems/ruby-2.1.0/specifications/rack-flash3-1.0.5.gemspec
I, [2014-03-26T15:53:22.736595 #5355]  INFO -- : 0:  rack-protection (1.5.2) from /Users/ma061/.rvm/gems/ruby-2.1.0/specifications/rack-protection-1.5.2.gemspec
I, [2014-03-26T15:53:22.736884 #5355]  INFO -- : 0:  rspec-core (2.14.8) from /Users/ma061/.rvm/gems/ruby-2.1.0/specifications/rspec-core-2.14.8.gemspec
I, [2014-03-26T15:53:22.737212 #5355]  INFO -- : 0:  rspec-expectations (2.14.5) from /Users/ma061/.rvm/gems/ruby-2.1.0/specifications/rspec-expectations-2.14.5.gemspec
I, [2014-03-26T15:53:22.737481 #5355]  INFO -- : 0:  rspec-mocks (2.14.6) from /Users/ma061/.rvm/gems/ruby-2.1.0/specifications/rspec-mocks-2.14.6.gemspec
I, [2014-03-26T15:53:22.737747 #5355]  INFO -- : 0:  rspec (2.14.1) from /Users/ma061/.rvm/gems/ruby-2.1.0/specifications/rspec-2.14.1.gemspec
I, [2014-03-26T15:53:22.738010 #5355]  INFO -- : 0:  tilt (1.4.1) from /Users/ma061/.rvm/gems/ruby-2.1.0/specifications/tilt-1.4.1.gemspec
I, [2014-03-26T15:53:22.738263 #5355]  INFO -- : 0:  sinatra (1.4.4) from /Users/ma061/.rvm/gems/ruby-2.1.0/specifications/sinatra-1.4.4.gemspec
I, [2014-03-26T15:53:22.738506 #5355]  INFO -- : 0:  bundler (1.5.1) from /Users/ma061/.rvm/gems/ruby-2.1.0@global/specifications/bundler-1.5.1.gemspec
I, [2014-03-28T09:41:21.660310 #919]  INFO -- : 0:  addressable (2.3.6) from /Users/ma061/.rvm/gems/ruby-2.1.0/specifications/addressable-2.3.6.gemspec
I, [2014-03-28T09:41:21.661164 #919]  INFO -- : 0:  bcrypt (3.1.7) from /Users/ma061/.rvm/gems/ruby-2.1.0/specifications/bcrypt-3.1.7.gemspec
I, [2014-03-28T09:41:21.661637 #919]  INFO -- : 0:  bcrypt-ruby (3.1.5) from /Users/ma061/.rvm/gems/ruby-2.1.0/specifications/bcrypt-ruby-3.1.5.gemspec
I, [2014-03-28T09:41:21.662015 #919]  INFO -- : 0:  mime-types (2.2) from /Users/ma061/.rvm/gems/ruby-2.1.0/specifications/mime-types-2.2.gemspec
I, [2014-03-28T09:41:21.662325 #919]  INFO -- : 0:  mini_portile (0.5.2) from /Users/ma061/.rvm/gems/ruby-2.1.0/specifications/mini_portile-0.5.2.gemspec
I, [2014-03-28T09:41:21.662681 #919]  INFO -- : 0:  nokogiri (1.6.1) from /Users/ma061/.rvm/gems/ruby-2.1.0/specifications/nokogiri-1.6.1.gemspec
I, [2014-03-28T09:41:21.664737 #919]  INFO -- : 0:  rack (1.5.2) from /Users/ma061/.rvm/gems/ruby-2.1.0/specifications/rack-1.5.2.gemspec
I, [2014-03-28T09:41:21.665039 #919]  INFO -- : 0:  rack-test (0.6.2) from /Users/ma061/.rvm/gems/ruby-2.1.0/specifications/rack-test-0.6.2.gemspec
I, [2014-03-28T09:41:21.665352 #919]  INFO -- : 0:  xpath (2.0.0) from /Users/ma061/.rvm/gems/ruby-2.1.0/specifications/xpath-2.0.0.gemspec
I, [2014-03-28T09:41:21.665678 #919]  INFO -- : 0:  capybara (2.2.1) from /Users/ma061/.rvm/gems/ruby-2.1.0/specifications/capybara-2.2.1.gemspec
I, [2014-03-28T09:41:21.666014 #919]  INFO -- : 0:  dm-core (1.2.1) from /Users/ma061/.rvm/gems/ruby-2.1.0/specifications/dm-core-1.2.1.gemspec
I, [2014-03-28T09:41:21.666373 #919]  INFO -- : 0:  dm-aggregates (1.2.0) from /Users/ma061/.rvm/gems/ruby-2.1.0/specifications/dm-aggregates-1.2.0.gemspec
I, [2014-03-28T09:41:21.666690 #919]  INFO -- : 0:  dm-constraints (1.2.0) from /Users/ma061/.rvm/gems/ruby-2.1.0/specifications/dm-constraints-1.2.0.gemspec
I, [2014-03-28T09:41:21.667008 #919]  INFO -- : 0:  dm-migrations (1.2.0) from /Users/ma061/.rvm/gems/ruby-2.1.0/specifications/dm-migrations-1.2.0.gemspec
I, [2014-03-28T09:41:21.667369 #919]  INFO -- : 0:  fastercsv (1.5.5) from /Users/ma061/.rvm/gems/ruby-2.1.0/specifications/fastercsv-1.5.5.gemspec
I, [2014-03-28T09:41:21.667626 #919]  INFO -- : 0:  json (1.8.1) from /Users/ma061/.rvm/rubies/ruby-2.1.0/lib/ruby/gems/2.1.0/specifications/default/json-1.8.1.gemspec
I, [2014-03-28T09:41:21.667897 #919]  INFO -- : 0:  json_pure (1.8.1) from /Users/ma061/.rvm/gems/ruby-2.1.0/specifications/json_pure-1.8.1.gemspec
I, [2014-03-28T09:41:21.668177 #919]  INFO -- : 0:  multi_json (1.9.2) from /Users/ma061/.rvm/gems/ruby-2.1.0/specifications/multi_json-1.9.2.gemspec
I, [2014-03-28T09:41:21.668454 #919]  INFO -- : 0:  dm-serializer (1.2.2) from /Users/ma061/.rvm/gems/ruby-2.1.0/specifications/dm-serializer-1.2.2.gemspec
I, [2014-03-28T09:41:21.668725 #919]  INFO -- : 0:  dm-timestamps (1.2.0) from /Users/ma061/.rvm/gems/ruby-2.1.0/specifications/dm-timestamps-1.2.0.gemspec
I, [2014-03-28T09:41:21.668981 #919]  INFO -- : 0:  dm-transactions (1.2.0) from /Users/ma061/.rvm/gems/ruby-2.1.0/specifications/dm-transactions-1.2.0.gemspec
I, [2014-03-28T09:41:21.669235 #919]  INFO -- : 0:  stringex (1.5.1) from /Users/ma061/.rvm/gems/ruby-2.1.0/specifications/stringex-1.5.1.gemspec
I, [2014-03-28T09:41:21.669487 #919]  INFO -- : 0:  uuidtools (2.1.4) from /Users/ma061/.rvm/gems/ruby-2.1.0/specifications/uuidtools-2.1.4.gemspec
I, [2014-03-28T09:41:21.669751 #919]  INFO -- : 0:  dm-types (1.2.2) from /Users/ma061/.rvm/gems/ruby-2.1.0/specifications/dm-types-1.2.2.gemspec
I, [2014-03-28T09:41:21.670001 #919]  INFO -- : 0:  dm-validations (1.2.0) from /Users/ma061/.rvm/gems/ruby-2.1.0/specifications/dm-validations-1.2.0.gemspec
I, [2014-03-28T09:41:21.670257 #919]  INFO -- : 0:  data_mapper (1.2.0) from /Users/ma061/.rvm/gems/ruby-2.1.0/specifications/data_mapper-1.2.0.gemspec
I, [2014-03-28T09:41:21.670509 #919]  INFO -- : 0:  data_objects (0.10.14) from /Users/ma061/.rvm/gems/ruby-2.1.0/specifications/data_objects-0.10.14.gemspec
I, [2014-03-28T09:41:21.670772 #919]  INFO -- : 0:  database_cleaner (1.2.0) from /Users/ma061/.rvm/gems/ruby-2.1.0/specifications/database_cleaner-1.2.0.gemspec
I, [2014-03-28T09:41:21.671017 #919]  INFO -- : 0:  diff-lcs (1.2.5) from /Users/ma061/.rvm/gems/ruby-2.1.0/specifications/diff-lcs-1.2.5.gemspec
I, [2014-03-28T09:41:21.671275 #919]  INFO -- : 0:  dm-do-adapter (1.2.0) from /Users/ma061/.rvm/gems/ruby-2.1.0/specifications/dm-do-adapter-1.2.0.gemspec
I, [2014-03-28T09:41:21.671555 #919]  INFO -- : 0:  do_postgres (0.10.14) from /Users/ma061/.rvm/gems/ruby-2.1.0/specifications/do_postgres-0.10.14.gemspec
I, [2014-03-28T09:41:21.671809 #919]  INFO -- : 0:  dm-postgres-adapter (1.2.0) from /Users/ma061/.rvm/gems/ruby-2.1.0/specifications/dm-postgres-adapter-1.2.0.gemspec
I, [2014-03-28T09:41:21.672066 #919]  INFO -- : 0:  rack-flash3 (1.0.5) from /Users/ma061/.rvm/gems/ruby-2.1.0/specifications/rack-flash3-1.0.5.gemspec
I, [2014-03-28T09:41:21.672329 #919]  INFO -- : 0:  rack-protection (1.5.2) from /Users/ma061/.rvm/gems/ruby-2.1.0/specifications/rack-protection-1.5.2.gemspec
I, [2014-03-28T09:41:21.672611 #919]  INFO -- : 0:  rspec-core (2.14.8) from /Users/ma061/.rvm/gems/ruby-2.1.0/specifications/rspec-core-2.14.8.gemspec
I, [2014-03-28T09:41:21.672877 #919]  INFO -- : 0:  rspec-expectations (2.14.5) from /Users/ma061/.rvm/gems/ruby-2.1.0/specifications/rspec-expectations-2.14.5.gemspec
I, [2014-03-28T09:41:21.673129 #919]  INFO -- : 0:  rspec-mocks (2.14.6) from /Users/ma061/.rvm/gems/ruby-2.1.0/specifications/rspec-mocks-2.14.6.gemspec
I, [2014-03-28T09:41:21.673388 #919]  INFO -- : 0:  rspec (2.14.1) from /Users/ma061/.rvm/gems/ruby-2.1.0/specifications/rspec-2.14.1.gemspec
I, [2014-03-28T09:41:21.673646 #919]  INFO -- : 0:  tilt (1.4.1) from /Users/ma061/.rvm/gems/ruby-2.1.0/specifications/tilt-1.4.1.gemspec
I, [2014-03-28T09:41:21.673895 #919]  INFO -- : 0:  sinatra (1.4.4) from /Users/ma061/.rvm/gems/ruby-2.1.0/specifications/sinatra-1.4.4.gemspec
I, [2014-03-28T09:41:21.674163 #919]  INFO -- : 0:  sinatra-partial (0.4.0) from /Users/ma061/.rvm/gems/ruby-2.1.0/specifications/sinatra-partial-0.4.0.gemspec
I, [2014-03-28T09:41:21.674410 #919]  INFO -- : 0:  bundler (1.5.1) from /Users/ma061/.rvm/gems/ruby-2.1.0@global/specifications/bundler-1.5.1.gemspec
I, [2014-03-28T12:23:49.484545 #2132]  INFO -- : 0:  addressable (2.3.5) from /Users/ma061/.rvm/gems/ruby-2.1.0/specifications/addressable-2.3.5.gemspec
I, [2014-03-28T12:23:53.035489 #2132]  INFO -- : 0:  bcrypt-ruby (3.1.1) from /Users/ma061/.rvm/gems/ruby-2.1.0/specifications/bcrypt-ruby-3.1.1.gemspec
I, [2014-03-28T12:23:56.387490 #2132]  INFO -- : 0:  mime-types (1.23) from /Users/ma061/.rvm/gems/ruby-2.1.0/specifications/mime-types-1.23.gemspec
I, [2014-03-28T12:23:58.356867 #2132]  INFO -- : 0:  mini_portile (0.5.1) from /Users/ma061/.rvm/gems/ruby-2.1.0/specifications/mini_portile-0.5.1.gemspec
I, [2014-03-28T12:25:28.573279 #2132]  INFO -- : 0:  nokogiri (1.6.0) from /Users/ma061/.rvm/gems/ruby-2.1.0/specifications/nokogiri-1.6.0.gemspec
I, [2014-03-28T12:25:28.573833 #2132]  INFO -- : 0:  rack (1.5.2) from /Users/ma061/.rvm/gems/ruby-2.1.0/specifications/rack-1.5.2.gemspec
I, [2014-03-28T12:25:28.574183 #2132]  INFO -- : 0:  rack-test (0.6.2) from /Users/ma061/.rvm/gems/ruby-2.1.0/specifications/rack-test-0.6.2.gemspec
I, [2014-03-28T12:25:28.574518 #2132]  INFO -- : 0:  xpath (2.0.0) from /Users/ma061/.rvm/gems/ruby-2.1.0/specifications/xpath-2.0.0.gemspec
I, [2014-03-28T12:25:31.251663 #2132]  INFO -- : 0:  capybara (2.1.0) from /Users/ma061/.rvm/gems/ruby-2.1.0/specifications/capybara-2.1.0.gemspec
I, [2014-03-28T12:25:31.252119 #2132]  INFO -- : 0:  dm-core (1.2.1) from /Users/ma061/.rvm/gems/ruby-2.1.0/specifications/dm-core-1.2.1.gemspec
I, [2014-03-28T12:25:31.252456 #2132]  INFO -- : 0:  dm-aggregates (1.2.0) from /Users/ma061/.rvm/gems/ruby-2.1.0/specifications/dm-aggregates-1.2.0.gemspec
I, [2014-03-28T12:25:31.252770 #2132]  INFO -- : 0:  dm-constraints (1.2.0) from /Users/ma061/.rvm/gems/ruby-2.1.0/specifications/dm-constraints-1.2.0.gemspec
I, [2014-03-28T12:25:31.253084 #2132]  INFO -- : 0:  dm-migrations (1.2.0) from /Users/ma061/.rvm/gems/ruby-2.1.0/specifications/dm-migrations-1.2.0.gemspec
I, [2014-03-28T12:25:31.253397 #2132]  INFO -- : 0:  fastercsv (1.5.5) from /Users/ma061/.rvm/gems/ruby-2.1.0/specifications/fastercsv-1.5.5.gemspec
I, [2014-03-28T12:25:34.954773 #2132]  INFO -- : 0:  json (1.8.0) from /Users/ma061/.rvm/gems/ruby-2.1.0/specifications/json-1.8.0.gemspec
I, [2014-03-28T12:25:40.565966 #2132]  INFO -- : 0:  json_pure (1.8.0) from /Users/ma061/.rvm/gems/ruby-2.1.0/specifications/json_pure-1.8.0.gemspec
I, [2014-03-28T12:25:42.262916 #2132]  INFO -- : 0:  multi_json (1.7.7) from /Users/ma061/.rvm/gems/ruby-2.1.0/specifications/multi_json-1.7.7.gemspec
I, [2014-03-28T12:25:42.263382 #2132]  INFO -- : 0:  dm-serializer (1.2.2) from /Users/ma061/.rvm/gems/ruby-2.1.0/specifications/dm-serializer-1.2.2.gemspec
I, [2014-03-28T12:25:42.263735 #2132]  INFO -- : 0:  dm-timestamps (1.2.0) from /Users/ma061/.rvm/gems/ruby-2.1.0/specifications/dm-timestamps-1.2.0.gemspec
I, [2014-03-28T12:25:42.264058 #2132]  INFO -- : 0:  dm-transactions (1.2.0) from /Users/ma061/.rvm/gems/ruby-2.1.0/specifications/dm-transactions-1.2.0.gemspec
I, [2014-03-28T12:25:42.264392 #2132]  INFO -- : 0:  stringex (1.5.1) from /Users/ma061/.rvm/gems/ruby-2.1.0/specifications/stringex-1.5.1.gemspec
I, [2014-03-28T12:25:42.264707 #2132]  INFO -- : 0:  uuidtools (2.1.4) from /Users/ma061/.rvm/gems/ruby-2.1.0/specifications/uuidtools-2.1.4.gemspec
I, [2014-03-28T12:25:42.265021 #2132]  INFO -- : 0:  dm-types (1.2.2) from /Users/ma061/.rvm/gems/ruby-2.1.0/specifications/dm-types-1.2.2.gemspec
I, [2014-03-28T12:25:42.265335 #2132]  INFO -- : 0:  dm-validations (1.2.0) from /Users/ma061/.rvm/gems/ruby-2.1.0/specifications/dm-validations-1.2.0.gemspec
I, [2014-03-28T12:25:42.265651 #2132]  INFO -- : 0:  data_mapper (1.2.0) from /Users/ma061/.rvm/gems/ruby-2.1.0/specifications/data_mapper-1.2.0.gemspec
I, [2014-03-28T12:25:44.325213 #2132]  INFO -- : 0:  data_objects (0.10.13) from /Users/ma061/.rvm/gems/ruby-2.1.0/specifications/data_objects-0.10.13.gemspec
I, [2014-03-28T12:25:46.686072 #2132]  INFO -- : 0:  database_cleaner (1.0.1) from /Users/ma061/.rvm/gems/ruby-2.1.0/specifications/database_cleaner-1.0.1.gemspec
I, [2014-03-28T12:25:48.984015 #2132]  INFO -- : 0:  diff-lcs (1.2.4) from /Users/ma061/.rvm/gems/ruby-2.1.0/specifications/diff-lcs-1.2.4.gemspec
I, [2014-03-28T12:25:48.984372 #2132]  INFO -- : 0:  dm-do-adapter (1.2.0) from /Users/ma061/.rvm/gems/ruby-2.1.0/specifications/dm-do-adapter-1.2.0.gemspec
I, [2014-03-28T12:25:52.263120 #2132]  INFO -- : 0:  do_postgres (0.10.13) from /Users/ma061/.rvm/gems/ruby-2.1.0/specifications/do_postgres-0.10.13.gemspec
I, [2014-03-28T12:25:52.263663 #2132]  INFO -- : 0:  dm-postgres-adapter (1.2.0) from /Users/ma061/.rvm/gems/ruby-2.1.0/specifications/dm-postgres-adapter-1.2.0.gemspec
I, [2014-03-28T12:25:52.264059 #2132]  INFO -- : 0:  rack-flash3 (1.0.5) from /Users/ma061/.rvm/gems/ruby-2.1.0/specifications/rack-flash3-1.0.5.gemspec
I, [2014-03-28T12:25:54.457738 #2132]  INFO -- : 0:  rack-protection (1.5.0) from /Users/ma061/.rvm/gems/ruby-2.1.0/specifications/rack-protection-1.5.0.gemspec
I, [2014-03-28T12:25:57.287527 #2132]  INFO -- : 0:  rspec-core (2.14.4) from /Users/ma061/.rvm/gems/ruby-2.1.0/specifications/rspec-core-2.14.4.gemspec
I, [2014-03-28T12:25:59.130979 #2132]  INFO -- : 0:  rspec-expectations (2.14.0) from /Users/ma061/.rvm/gems/ruby-2.1.0/specifications/rspec-expectations-2.14.0.gemspec
I, [2014-03-28T12:26:00.936167 #2132]  INFO -- : 0:  rspec-mocks (2.14.1) from /Users/ma061/.rvm/gems/ruby-2.1.0/specifications/rspec-mocks-2.14.1.gemspec
I, [2014-03-28T12:26:00.936645 #2132]  INFO -- : 0:  rspec (2.14.1) from /Users/ma061/.rvm/gems/ruby-2.1.0/specifications/rspec-2.14.1.gemspec
I, [2014-03-28T12:26:00.937014 #2132]  INFO -- : 0:  tilt (1.4.1) from /Users/ma061/.rvm/gems/ruby-2.1.0/specifications/tilt-1.4.1.gemspec
I, [2014-03-28T12:26:03.483271 #2132]  INFO -- : 0:  sinatra (1.4.3) from /Users/ma061/.rvm/gems/ruby-2.1.0/specifications/sinatra-1.4.3.gemspec
I, [2014-03-28T12:26:03.483680 #2132]  INFO -- : 0:  sinatra-partial (0.4.0) from /Users/ma061/.rvm/gems/ruby-2.1.0/specifications/sinatra-partial-0.4.0.gemspec
I, [2014-03-28T12:26:03.484014 #2132]  INFO -- : 0:  bundler (1.5.1) from /Users/ma061/.rvm/gems/ruby-2.1.0@global/specifications/bundler-1.5.1.gemspec
